<?xml version="1.0" encoding="UTF-8"?>
<!-- Generated by org.testng.reporters.JUnitReportReporter -->
<testsuite hostname="dell-PC" name="kaveri.SignUPTest" tests="20" failures="0" timestamp="22 Jun 2019 06:05:51 GMT" time="24.336" errors="0">
  <testcase name="verification_For_passward_field_Placeholder" time="0.255" classname="kaveri.SignUPTest"/>
  <testcase name="validation_For_invalid_Email_Format" time="0.348" classname="kaveri.SignUPTest"/>
  <testcase name="login_with_valid_creditional" time="10.216" classname="kaveri.SignUPTest"/>
  <testcase name="validation_For_Empty_Passward" time="0.438" classname="kaveri.SignUPTest"/>
  <testcase name="validation_For_incorrect_admin_Email" time="0.533" classname="kaveri.SignUPTest"/>
  <testcase name="validation_For_Empty_Email" time="0.269" classname="kaveri.SignUPTest"/>
  <testcase name="validation_For_incorrect_admin_passward" time="0.750" classname="kaveri.SignUPTest"/>
  <testcase name="verification_For_Email_field_Placeholder" time="0.199" classname="kaveri.SignUPTest"/>
  <testcase name="verification_For_Email_field_Placeholder" time="0.144" classname="kaveri.SignUPTest"/>
  <testcase name="i_already_have_a_membership_Link_Navigation" time="0.431" classname="kaveri.SignUPTest"/>
  <testcase name="register_New_Member_Link_Navigation" time="0.480" classname="kaveri.SignUPTest"/>
  <testcase name="login_with_valid_creditional" time="7.268" classname="kaveri.SignUPTest"/>
  <testcase name="validation_For_incorrect_admin_Email" time="0.473" classname="kaveri.SignUPTest"/>
  <testcase name="validation_For_Empty_Passward" time="0.294" classname="kaveri.SignUPTest"/>
  <testcase name="validation_For_invalid_Email_Format" time="0.377" classname="kaveri.SignUPTest"/>
  <testcase name="register_New_Member_Link_Navigation" time="0.486" classname="kaveri.SignUPTest"/>
  <testcase name="validation_For_Empty_Email" time="0.262" classname="kaveri.SignUPTest"/>
  <testcase name="i_already_have_a_membership_Link_Navigation" time="0.434" classname="kaveri.SignUPTest"/>
  <testcase name="validation_For_incorrect_admin_passward" time="0.530" classname="kaveri.SignUPTest"/>
  <testcase name="verification_For_passward_field_Placeholder" time="0.149" classname="kaveri.SignUPTest"/>
</testsuite> <!-- kaveri.SignUPTest -->
